Using pre-set license
Built from '2020.3/staging' branch; Version is '2020.3.5f1 (8095aa901b9b) revision 8426922'; Using compiler version '192528614'; Build Type 'Release'
OS: 'Windows 10 Pro; OS build 19042.928; Version 2009; 64bit' Language: 'es' Physical Memory: 16332 MB
BatchMode: 1, IsHumanControllingUs: 0, StartBugReporterOnCrash: 0, Is64bit: 1, IsPro: 0

 COMMAND LINE ARGUMENTS:
C:\Program Files\Unity\Hub\Editor\2020.3.5f1\Editor\Unity.exe
-adb2
-batchMode
-noUpm
-name
AssetImportWorker0
-projectPath
D:/Unity/Actividad Evaluada 3
-logFile
Logs/AssetImportWorker0.log
-srvPort
59168
Successfully changed project path to: D:/Unity/Actividad Evaluada 3
D:/Unity/Actividad Evaluada 3
Using Asset Import Pipeline V2.
Refreshing native plugins compatible for Editor in 29.06 ms, found 0 plugins.
Preloading 0 native plugins for Editor in 0.00 ms.
Initialize engine version: 2020.3.5f1 (8095aa901b9b)
[Subsystems] Discovering subsystems at path C:/Program Files/Unity/Hub/Editor/2020.3.5f1/Editor/Data/Resources/UnitySubsystems
[Subsystems] Discovering subsystems at path D:/Unity/Actividad Evaluada 3/Assets
GfxDevice: creating device client; threaded=0
Direct3D:
    Version:  Direct3D 11.0 [level 11.1]
    Renderer: NVIDIA GeForce GTX 1080 (ID=0x1b80)
    Vendor:   
    VRAM:     8079 MB
    Driver:   27.21.14.6140
Initialize mono
Mono path[0] = 'C:/Program Files/Unity/Hub/Editor/2020.3.5f1/Editor/Data/Managed'
Mono path[1] = 'C:/Program Files/Unity/Hub/Editor/2020.3.5f1/Editor/Data/MonoBleedingEdge/lib/mono/unityjit'
Mono config path = 'C:/Program Files/Unity/Hub/Editor/2020.3.5f1/Editor/Data/MonoBleedingEdge/etc'
Using monoOptions --debugger-agent=transport=dt_socket,embedding=1,server=y,suspend=n,address=127.0.0.1:56144
Begin MonoManager ReloadAssembly
Registering precompiled unity dll's ...
Register platform support module: C:/Program Files/Unity/Hub/Editor/2020.3.5f1/Editor/Data/PlaybackEngines/WindowsStandaloneSupport/UnityEditor.WindowsStandalone.Extensions.dll
Registered in 0.002617 seconds.
Native extension for WindowsStandalone target not found
Refreshing native plugins compatible for Editor in 23.15 ms, found 0 plugins.
Preloading 0 native plugins for Editor in 0.00 ms.
Mono: successfully reloaded assembly
- Completed reload, in  2.187 seconds
Platform modules already initialized, skipping
Registering precompiled user dll's ...
Registered in 0.000559 seconds.
Begin MonoManager ReloadAssembly
Native extension for WindowsStandalone target not found
Refreshing native plugins compatible for Editor in 0.24 ms, found 0 plugins.
Preloading 0 native plugins for Editor in 0.00 ms.
Mono: successfully reloaded assembly
- Completed reload, in  0.915 seconds
Platform modules already initialized, skipping
========================================================================
Worker process is ready to serve import requests
Launched and connected shader compiler UnityShaderCompiler.exe after 0.05 seconds
Refreshing native plugins compatible for Editor in 0.33 ms, found 0 plugins.
Preloading 0 native plugins for Editor in 0.00 ms.
Unloading 1115 Unused Serialized files (Serialized files now loaded: 0)
System memory in use before: 69.1 MB.
System memory in use after: 69.2 MB.

Unloading 10 unused Assets to reduce memory usage. Loaded Objects now: 1571.
Total: 3.546700 ms (FindLiveObjects: 0.350000 ms CreateObjectMapping: 0.058100 ms MarkObjects: 2.969000 ms  DeleteObjects: 0.167300 ms)

========================================================================
Received Import Request.
  path: Assets/New Terrain.asset
  artifactKey: Guid(33a84ca2c704f0142a098f1d2f758e26) Importer(815301076,1909f56bfc062723c751e8b465ee728b)
Start importing Assets/New Terrain.asset using Guid(33a84ca2c704f0142a098f1d2f758e26) Importer(815301076,1909f56bfc062723c751e8b465ee728b)  -> (artifact id: '0a9345ec8b5a36980e48574c51d245d3') in 0.044277 seconds
  Import took 0.064497 seconds .

========================================================================
Received Import Request.
  Time since last request: 266.293810 seconds.
  path: Assets/New Terrain.asset
  artifactKey: Guid(33a84ca2c704f0142a098f1d2f758e26) Importer(815301076,1909f56bfc062723c751e8b465ee728b)
Start importing Assets/New Terrain.asset using Guid(33a84ca2c704f0142a098f1d2f758e26) Importer(815301076,1909f56bfc062723c751e8b465ee728b)  -> (artifact id: 'bdcbe1c14c8463328f216515293624db') in 0.008464 seconds
  Import took 0.011499 seconds .

========================================================================
Received Import Request.
  Time since last request: 97.952752 seconds.
  path: Packages/com.unity.ide.rider/package.json
  artifactKey: Guid(66c95bb3c74257f41bae2622511dc02d) Importer(815301076,1909f56bfc062723c751e8b465ee728b)
Start importing Packages/com.unity.ide.rider/package.json using Guid(66c95bb3c74257f41bae2622511dc02d) Importer(815301076,1909f56bfc062723c751e8b465ee728b)  -> (artifact id: 'e15e56c50d0514b168363612656d6897') in 0.041833 seconds
  Import took 0.044839 seconds .

========================================================================
Received Import Request.
  Time since last request: 0.786331 seconds.
  path: Packages/com.unity.textmeshpro/package.json
  artifactKey: Guid(220e9325710f4235a43492dd1ee4980d) Importer(815301076,1909f56bfc062723c751e8b465ee728b)
Start importing Packages/com.unity.textmeshpro/package.json using Guid(220e9325710f4235a43492dd1ee4980d) Importer(815301076,1909f56bfc062723c751e8b465ee728b)  -> (artifact id: 'fa5e453d47f25085160e1358b173a5db') in 0.014205 seconds
  Import took 0.033043 seconds .

========================================================================
Received Import Request.
  Time since last request: 0.430923 seconds.
  path: Packages/com.unity.timeline/package.json
  artifactKey: Guid(13a9c1b4df2e489e8eb9cacca7429596) Importer(815301076,1909f56bfc062723c751e8b465ee728b)
Start importing Packages/com.unity.timeline/package.json using Guid(13a9c1b4df2e489e8eb9cacca7429596) Importer(815301076,1909f56bfc062723c751e8b465ee728b)  -> (artifact id: '0f5f3fb038ec9b748e213b811e851481') in 0.031804 seconds
  Import took 0.034028 seconds .

========================================================================
Received Import Request.
  Time since last request: 22.607364 seconds.
  path: Assets/Gizmos/brush_0.png
  artifactKey: Guid(1c0b8f35d99a96f46a5f056977de8054) Importer(815301076,1909f56bfc062723c751e8b465ee728b)
Start importing Assets/Gizmos/brush_0.png using Guid(1c0b8f35d99a96f46a5f056977de8054) Importer(815301076,1909f56bfc062723c751e8b465ee728b)  -> (artifact id: '030c5925f997231c4327d42751017ead') in 0.084328 seconds
  Import took 0.086640 seconds .

========================================================================
Received Import Request.
  Time since last request: 0.000334 seconds.
  path: Assets/Gizmos/brush_4.png
  artifactKey: Guid(62a1932872143734a96bd799d59e7bca) Importer(815301076,1909f56bfc062723c751e8b465ee728b)
Start importing Assets/Gizmos/brush_4.png using Guid(62a1932872143734a96bd799d59e7bca) Importer(815301076,1909f56bfc062723c751e8b465ee728b)  -> (artifact id: '2b06427a79ad29505d728ee87c3b4256') in 0.012070 seconds
  Import took 0.021554 seconds .

========================================================================
Received Import Request.
  Time since last request: 0.000415 seconds.
  path: Assets/Gizmos/brush_29.png
  artifactKey: Guid(df0bbaedccd5a41448efb97bcb6506fc) Importer(815301076,1909f56bfc062723c751e8b465ee728b)
Start importing Assets/Gizmos/brush_29.png using Guid(df0bbaedccd5a41448efb97bcb6506fc) Importer(815301076,1909f56bfc062723c751e8b465ee728b)  -> (artifact id: '1ddae132ebfdf25a7a732a3303156f91') in 0.012646 seconds
  Import took 0.014887 seconds .

========================================================================
Received Import Request.
  Time since last request: 0.000273 seconds.
  path: Assets/Gizmos/brush_33.png
  artifactKey: Guid(9d5e673e12b5b7646a6404a94664601e) Importer(815301076,1909f56bfc062723c751e8b465ee728b)
Start importing Assets/Gizmos/brush_33.png using Guid(9d5e673e12b5b7646a6404a94664601e) Importer(815301076,1909f56bfc062723c751e8b465ee728b)  -> (artifact id: '16ad6edb2d8f058bb80c500eb14339d5') in 0.013978 seconds
  Import took 0.016312 seconds .

========================================================================
Received Import Request.
  Time since last request: 0.000373 seconds.
  path: Assets/Gizmos/brush_3.png
  artifactKey: Guid(e2c8bbb846fcb8d4d8debd89b523acb8) Importer(815301076,1909f56bfc062723c751e8b465ee728b)
Start importing Assets/Gizmos/brush_3.png using Guid(e2c8bbb846fcb8d4d8debd89b523acb8) Importer(815301076,1909f56bfc062723c751e8b465ee728b)  -> (artifact id: '9c87b833c30a734080064eeb736f88e2') in 0.012465 seconds
  Import took 0.014886 seconds .

========================================================================
Received Import Request.
  Time since last request: 0.000330 seconds.
  path: Assets/Gizmos/brush_19.png
  artifactKey: Guid(edc2a77efd58aa64fbc6a5bb61a84ab0) Importer(815301076,1909f56bfc062723c751e8b465ee728b)
Start importing Assets/Gizmos/brush_19.png using Guid(edc2a77efd58aa64fbc6a5bb61a84ab0) Importer(815301076,1909f56bfc062723c751e8b465ee728b)  -> (artifact id: '1600b6e70a96e7e9320e96eb5338c33b') in 0.015352 seconds
  Import took 0.017619 seconds .

========================================================================
Received Import Request.
  Time since last request: 0.000330 seconds.
  path: Assets/Gizmos/brush_5.png
  artifactKey: Guid(8d922fd37db7e7b4eb2658c00ff34a72) Importer(815301076,1909f56bfc062723c751e8b465ee728b)
Start importing Assets/Gizmos/brush_5.png using Guid(8d922fd37db7e7b4eb2658c00ff34a72) Importer(815301076,1909f56bfc062723c751e8b465ee728b)  -> (artifact id: '0eeaa21a131897d8d0220185269c0252') in 0.013373 seconds
  Import took 0.016053 seconds .

========================================================================
Received Import Request.
  Time since last request: 0.000225 seconds.
  path: Assets/Gizmos/brush_7.png
  artifactKey: Guid(623ca621fc7c5424db7f415cc9fe49a5) Importer(815301076,1909f56bfc062723c751e8b465ee728b)
Start importing Assets/Gizmos/brush_7.png using Guid(623ca621fc7c5424db7f415cc9fe49a5) Importer(815301076,1909f56bfc062723c751e8b465ee728b)  -> (artifact id: '8701c2d754268eeab15222054c91f13e') in 0.010323 seconds
  Import took 0.012307 seconds .

========================================================================
Received Import Request.
  Time since last request: 0.000286 seconds.
  path: Assets/Gizmos/brush_10.png
  artifactKey: Guid(0222d502578aee643a58cb5a7dbdb902) Importer(815301076,1909f56bfc062723c751e8b465ee728b)
Start importing Assets/Gizmos/brush_10.png using Guid(0222d502578aee643a58cb5a7dbdb902) Importer(815301076,1909f56bfc062723c751e8b465ee728b)  -> (artifact id: '077097387c6c75af179e08822598468d') in 0.009378 seconds
  Import took 0.011211 seconds .

========================================================================
Received Import Request.
  Time since last request: 0.000272 seconds.
  path: Assets/Gizmos/brush_11.png
  artifactKey: Guid(e46cd0184ca73d148b5037508c2eafc1) Importer(815301076,1909f56bfc062723c751e8b465ee728b)
Start importing Assets/Gizmos/brush_11.png using Guid(e46cd0184ca73d148b5037508c2eafc1) Importer(815301076,1909f56bfc062723c751e8b465ee728b)  -> (artifact id: '295641bf9393986741f43c7431602162') in 0.010474 seconds
  Import took 0.012660 seconds .

========================================================================
Received Import Request.
  Time since last request: 0.000382 seconds.
  path: Assets/Gizmos/brush_24.png
  artifactKey: Guid(960f9382338394d4b9c51d1bf1bc7115) Importer(815301076,1909f56bfc062723c751e8b465ee728b)
Start importing Assets/Gizmos/brush_24.png using Guid(960f9382338394d4b9c51d1bf1bc7115) Importer(815301076,1909f56bfc062723c751e8b465ee728b)  -> (artifact id: 'b915cf15154d71a306f7b4aba51eb488') in 0.118678 seconds
  Import took 0.122463 seconds .

========================================================================
Received Import Request.
  Time since last request: 0.000325 seconds.
  path: Assets/Gizmos/brush_12.png
  artifactKey: Guid(732c89df767e4034195ca70d31f3cd0b) Importer(815301076,1909f56bfc062723c751e8b465ee728b)
Start importing Assets/Gizmos/brush_12.png using Guid(732c89df767e4034195ca70d31f3cd0b) Importer(815301076,1909f56bfc062723c751e8b465ee728b)  -> (artifact id: 'a9c71fc854af0717b374b4abcda41ccd') in 0.015677 seconds
  Import took 0.018355 seconds .

========================================================================
Received Import Request.
  Time since last request: 0.000267 seconds.
  path: Assets/Gizmos/brush_26.png
  artifactKey: Guid(ce02d62f5dbbbc947b59dfa09e646df9) Importer(815301076,1909f56bfc062723c751e8b465ee728b)
Start importing Assets/Gizmos/brush_26.png using Guid(ce02d62f5dbbbc947b59dfa09e646df9) Importer(815301076,1909f56bfc062723c751e8b465ee728b)  -> (artifact id: '04ca2779a23bc24734a708cdb9434ba1') in 0.008596 seconds
  Import took 0.010402 seconds .

========================================================================
Received Import Request.
  Time since last request: 0.000356 seconds.
  path: Assets/Gizmos/brush_31.png
  artifactKey: Guid(e532e57deda7bfe4e9d942c8691bacd4) Importer(815301076,1909f56bfc062723c751e8b465ee728b)
Start importing Assets/Gizmos/brush_31.png using Guid(e532e57deda7bfe4e9d942c8691bacd4) Importer(815301076,1909f56bfc062723c751e8b465ee728b)  -> (artifact id: 'bfd3c82e23c969788a24cfadde3e910a') in 0.009907 seconds
  Import took 0.011771 seconds .

========================================================================
Received Import Request.
  Time since last request: 0.000274 seconds.
  path: Assets/Gizmos/brush_14.png
  artifactKey: Guid(8bb140879efca204eb79227fdf8afd98) Importer(815301076,1909f56bfc062723c751e8b465ee728b)
Start importing Assets/Gizmos/brush_14.png using Guid(8bb140879efca204eb79227fdf8afd98) Importer(815301076,1909f56bfc062723c751e8b465ee728b)  -> (artifact id: '999c37824581372f37c71c836ee077ed') in 0.010519 seconds
  Import took 0.012515 seconds .

========================================================================
Received Import Request.
  Time since last request: 0.000287 seconds.
  path: Assets/Gizmos/brush_17.png
  artifactKey: Guid(5d1ded4eae6ad8443825e3d121195a94) Importer(815301076,1909f56bfc062723c751e8b465ee728b)
Start importing Assets/Gizmos/brush_17.png using Guid(5d1ded4eae6ad8443825e3d121195a94) Importer(815301076,1909f56bfc062723c751e8b465ee728b)  -> (artifact id: '4f6373d89afd5c06eebcc14263197e38') in 0.011705 seconds
  Import took 0.021176 seconds .

========================================================================
Received Import Request.
  Time since last request: 0.000263 seconds.
  path: Assets/Gizmos/brush_13.png
  artifactKey: Guid(1278a571a2ee9d441bedd9b216e6ba2a) Importer(815301076,1909f56bfc062723c751e8b465ee728b)
Start importing Assets/Gizmos/brush_13.png using Guid(1278a571a2ee9d441bedd9b216e6ba2a) Importer(815301076,1909f56bfc062723c751e8b465ee728b)  -> (artifact id: '033ab6a5830efa18a273dfbdf4f8947c') in 0.015005 seconds
  Import took 0.017019 seconds .

========================================================================
Received Import Request.
  Time since last request: 0.000265 seconds.
  path: Assets/Gizmos/brush_1.png
  artifactKey: Guid(6d9b154a176e7054096102650ff93c3d) Importer(815301076,1909f56bfc062723c751e8b465ee728b)
Start importing Assets/Gizmos/brush_1.png using Guid(6d9b154a176e7054096102650ff93c3d) Importer(815301076,1909f56bfc062723c751e8b465ee728b)  -> (artifact id: '40a1777fafb78472b3768bc95c353460') in 0.012542 seconds
  Import took 0.014614 seconds .

========================================================================
Received Import Request.
  Time since last request: 0.000324 seconds.
  path: Assets/Gizmos/brush_8.png
  artifactKey: Guid(0ab1c9637368ba64f8de8f4721e523f3) Importer(815301076,1909f56bfc062723c751e8b465ee728b)
Start importing Assets/Gizmos/brush_8.png using Guid(0ab1c9637368ba64f8de8f4721e523f3) Importer(815301076,1909f56bfc062723c751e8b465ee728b)  -> (artifact id: 'f49f8bef89a98b3175ff6750919beb3b') in 0.011742 seconds
  Import took 0.022277 seconds .

========================================================================
Received Import Request.
  Time since last request: 0.000289 seconds.
  path: Assets/Gizmos/brush_21.png
  artifactKey: Guid(ca7952c4c28c18c45a2fa634f9bebc0c) Importer(815301076,1909f56bfc062723c751e8b465ee728b)
Start importing Assets/Gizmos/brush_21.png using Guid(ca7952c4c28c18c45a2fa634f9bebc0c) Importer(815301076,1909f56bfc062723c751e8b465ee728b)  -> (artifact id: '6be5d4f4f98c719ec666262bf44cc344') in 0.010139 seconds
  Import took 0.012207 seconds .

========================================================================
Received Import Request.
  Time since last request: 0.000280 seconds.
  path: Assets/Gizmos/brush_9.png
  artifactKey: Guid(9a836a9225527a143aab3b0fdb045bf3) Importer(815301076,1909f56bfc062723c751e8b465ee728b)
Start importing Assets/Gizmos/brush_9.png using Guid(9a836a9225527a143aab3b0fdb045bf3) Importer(815301076,1909f56bfc062723c751e8b465ee728b)  -> (artifact id: '785997d59ce749a23616d24aaeb6c538') in 0.010081 seconds
  Import took 0.011940 seconds .

========================================================================
Received Import Request.
  Time since last request: 0.000297 seconds.
  path: Assets/Gizmos/brush_16.png
  artifactKey: Guid(f9e54a8ea6aae8343a7f20a254ac4687) Importer(815301076,1909f56bfc062723c751e8b465ee728b)
Start importing Assets/Gizmos/brush_16.png using Guid(f9e54a8ea6aae8343a7f20a254ac4687) Importer(815301076,1909f56bfc062723c751e8b465ee728b)  -> (artifact id: '80c93a47e66712191b323b321bb9ff7e') in 0.008736 seconds
  Import took 0.010864 seconds .

========================================================================
Received Import Request.
  Time since last request: 0.000227 seconds.
  path: Assets/Gizmos/brush_15.png
  artifactKey: Guid(5ebfdb537b9bf9247a8fc895015d8c5c) Importer(815301076,1909f56bfc062723c751e8b465ee728b)
Start importing Assets/Gizmos/brush_15.png using Guid(5ebfdb537b9bf9247a8fc895015d8c5c) Importer(815301076,1909f56bfc062723c751e8b465ee728b)  -> (artifact id: '9fc6e528c7e525247fca65ce11b78008') in 0.008257 seconds
  Import took 0.010106 seconds .

========================================================================
Received Import Request.
  Time since last request: 0.000266 seconds.
  path: Assets/Gizmos/brush_18.png
  artifactKey: Guid(00f8b496ec27f8d44aece2b20cfd254a) Importer(815301076,1909f56bfc062723c751e8b465ee728b)
Start importing Assets/Gizmos/brush_18.png using Guid(00f8b496ec27f8d44aece2b20cfd254a) Importer(815301076,1909f56bfc062723c751e8b465ee728b)  -> (artifact id: '4d531cd6a904b63426f9fc96b083239b') in 0.008552 seconds
  Import took 0.010672 seconds .

========================================================================
Received Import Request.
  Time since last request: 0.000203 seconds.
  path: Assets/Gizmos/brush_27.png
  artifactKey: Guid(b021b98f8eff8964aae5b7173e3ec53f) Importer(815301076,1909f56bfc062723c751e8b465ee728b)
Start importing Assets/Gizmos/brush_27.png using Guid(b021b98f8eff8964aae5b7173e3ec53f) Importer(815301076,1909f56bfc062723c751e8b465ee728b)  -> (artifact id: '5efe5a5caf3e9ffd2974dd21118883a3') in 0.009020 seconds
  Import took 0.010865 seconds .

========================================================================
Received Import Request.
  Time since last request: 0.000327 seconds.
  path: Assets/Gizmos/brush_28.png
  artifactKey: Guid(db2e96a82d6e4ab4282339e6ac424c1f) Importer(815301076,1909f56bfc062723c751e8b465ee728b)
Start importing Assets/Gizmos/brush_28.png using Guid(db2e96a82d6e4ab4282339e6ac424c1f) Importer(815301076,1909f56bfc062723c751e8b465ee728b)  -> (artifact id: '3eda25ce382d6c103395077bf657ef44') in 0.009552 seconds
  Import took 0.011631 seconds .

========================================================================
Received Import Request.
  Time since last request: 0.000254 seconds.
  path: Assets/Gizmos/brush_2.png
  artifactKey: Guid(4a73379fa824eee4b92b359a3d46f468) Importer(815301076,1909f56bfc062723c751e8b465ee728b)
Start importing Assets/Gizmos/brush_2.png using Guid(4a73379fa824eee4b92b359a3d46f468) Importer(815301076,1909f56bfc062723c751e8b465ee728b)  -> (artifact id: 'e781960c322e33e174e06df5abc74fcd') in 0.009243 seconds
  Import took 0.011067 seconds .

========================================================================
Received Import Request.
  Time since last request: 0.000259 seconds.
  path: Assets/Gizmos/brush_25.png
  artifactKey: Guid(2eb610cf81eed654bb0ccab4aa8acbd5) Importer(815301076,1909f56bfc062723c751e8b465ee728b)
Start importing Assets/Gizmos/brush_25.png using Guid(2eb610cf81eed654bb0ccab4aa8acbd5) Importer(815301076,1909f56bfc062723c751e8b465ee728b)  -> (artifact id: 'dc03a502cb2aac6f9631680049320de8') in 0.008439 seconds
  Import took 0.010369 seconds .

========================================================================
Received Import Request.
  Time since last request: 0.000251 seconds.
  path: Assets/Gizmos/brush_30.png
  artifactKey: Guid(4b720ef86771a3c46b80ac0ca8bd516d) Importer(815301076,1909f56bfc062723c751e8b465ee728b)
Start importing Assets/Gizmos/brush_30.png using Guid(4b720ef86771a3c46b80ac0ca8bd516d) Importer(815301076,1909f56bfc062723c751e8b465ee728b)  -> (artifact id: '048dc6123eb8b72bae9bca20eb75b67c') in 0.014710 seconds
  Import took 0.016730 seconds .

========================================================================
Received Import Request.
  Time since last request: 0.000257 seconds.
  path: Assets/Gizmos/brush_34.png
  artifactKey: Guid(1f96ec607eb18f941af51e6add2a4c7d) Importer(815301076,1909f56bfc062723c751e8b465ee728b)
Start importing Assets/Gizmos/brush_34.png using Guid(1f96ec607eb18f941af51e6add2a4c7d) Importer(815301076,1909f56bfc062723c751e8b465ee728b)  -> (artifact id: '9209b09fd06326e90d7c0bd64fced3db') in 0.014497 seconds
  Import took 0.016433 seconds .

========================================================================
Received Import Request.
  Time since last request: 0.000278 seconds.
  path: Assets/Gizmos/brush_22.png
  artifactKey: Guid(5dddb1efb8865a44da02e15c7c68f128) Importer(815301076,1909f56bfc062723c751e8b465ee728b)
Start importing Assets/Gizmos/brush_22.png using Guid(5dddb1efb8865a44da02e15c7c68f128) Importer(815301076,1909f56bfc062723c751e8b465ee728b)  -> (artifact id: '401053b9a10eaf62a2ce2ecc2c2d130e') in 0.012862 seconds
  Import took 0.014943 seconds .

========================================================================
Received Import Request.
  Time since last request: 0.000271 seconds.
  path: Assets/Gizmos/brush_20.png
  artifactKey: Guid(52bff338a6973b5448544beea26c873c) Importer(815301076,1909f56bfc062723c751e8b465ee728b)
Start importing Assets/Gizmos/brush_20.png using Guid(52bff338a6973b5448544beea26c873c) Importer(815301076,1909f56bfc062723c751e8b465ee728b)  -> (artifact id: 'c7e91b2dfbc830242a83399ed4fe980c') in 0.010192 seconds
  Import took 0.012080 seconds .

========================================================================
Received Import Request.
  Time since last request: 0.000312 seconds.
  path: Assets/Gizmos/brush_23.png
  artifactKey: Guid(2b84b79f80457c540835b45626c0e77b) Importer(815301076,1909f56bfc062723c751e8b465ee728b)
Start importing Assets/Gizmos/brush_23.png using Guid(2b84b79f80457c540835b45626c0e77b) Importer(815301076,1909f56bfc062723c751e8b465ee728b)  -> (artifact id: 'f67487eeae91f204c8133cd0bd5b90d4') in 0.010908 seconds
  Import took 0.013184 seconds .

========================================================================
Received Import Request.
  Time since last request: 0.000282 seconds.
  path: Assets/Gizmos/brush_32.png
  artifactKey: Guid(8876030f599326049a41d429b589adf9) Importer(815301076,1909f56bfc062723c751e8b465ee728b)
Start importing Assets/Gizmos/brush_32.png using Guid(8876030f599326049a41d429b589adf9) Importer(815301076,1909f56bfc062723c751e8b465ee728b)  -> (artifact id: 'f6d3115f50ce589d7fddcaf0ba2dd769') in 0.011988 seconds
  Import took 0.013936 seconds .

========================================================================
Received Import Request.
  Time since last request: 0.000308 seconds.
  path: Assets/Gizmos/brush_6.png
  artifactKey: Guid(33c876b70f3c4d349b8a1925112ef930) Importer(815301076,1909f56bfc062723c751e8b465ee728b)
Start importing Assets/Gizmos/brush_6.png using Guid(33c876b70f3c4d349b8a1925112ef930) Importer(815301076,1909f56bfc062723c751e8b465ee728b)  -> (artifact id: 'ce74ba29f3a00cb8f52f413655241b08') in 0.010351 seconds
  Import took 0.012542 seconds .

========================================================================
Received Import Request.
  Time since last request: 137.927596 seconds.
  path: Assets/New Terrain 1.asset
  artifactKey: Guid(4d9ec11860fc92047ab9e3ed09467256) Importer(815301076,1909f56bfc062723c751e8b465ee728b)
Start importing Assets/New Terrain 1.asset using Guid(4d9ec11860fc92047ab9e3ed09467256) Importer(815301076,1909f56bfc062723c751e8b465ee728b)  -> (artifact id: 'dbb9c3653e08f310ca9bfb25911800c0') in 0.017246 seconds
  Import took 0.021132 seconds .

========================================================================
Received Import Request.
  Time since last request: 0.000311 seconds.
  path: Assets/New Terrain.asset
  artifactKey: Guid(33a84ca2c704f0142a098f1d2f758e26) Importer(815301076,1909f56bfc062723c751e8b465ee728b)
Start importing Assets/New Terrain.asset using Guid(33a84ca2c704f0142a098f1d2f758e26) Importer(815301076,1909f56bfc062723c751e8b465ee728b)  -> (artifact id: 'a473391b9924c6ffe463445f99a68e3d') in 0.012905 seconds
  Import took 0.015645 seconds .

========================================================================
Received Import Request.
  Time since last request: 0.501322 seconds.
  path: Assets
  artifactKey: Guid(00000000000000001000000000000000) Importer(815301076,1909f56bfc062723c751e8b465ee728b)
Start importing Assets using Guid(00000000000000001000000000000000) Importer(815301076,1909f56bfc062723c751e8b465ee728b)  -> (artifact id: 'e4856052512617ee48189cf1d7999900') in 0.009513 seconds
  Import took 0.013270 seconds .

========================================================================
Received Import Request.
  Time since last request: 4.489998 seconds.
  path: Assets/Texturas
  artifactKey: Guid(128b00bd48cd90048bcf8e93259dbfb4) Importer(815301076,1909f56bfc062723c751e8b465ee728b)
Start importing Assets/Texturas using Guid(128b00bd48cd90048bcf8e93259dbfb4) Importer(815301076,1909f56bfc062723c751e8b465ee728b)  -> (artifact id: '36d76c91f1a1b36d49cc910f7e490826') in 0.007372 seconds
  Import took 0.009584 seconds .

========================================================================
Received Prepare
Registering precompiled user dll's ...
Registered in 0.000806 seconds.
Begin MonoManager ReloadAssembly
Native extension for WindowsStandalone target not found
Refreshing native plugins compatible for Editor in 0.25 ms, found 0 plugins.
Preloading 0 native plugins for Editor in 0.00 ms.
Mono: successfully reloaded assembly
- Completed reload, in  0.845 seconds
Platform modules already initialized, skipping
Refreshing native plugins compatible for Editor in 0.29 ms, found 0 plugins.
Preloading 0 native plugins for Editor in 0.00 ms.
Unloading 1110 Unused Serialized files (Serialized files now loaded: 0)
System memory in use before: 69.1 MB.
System memory in use after: 69.2 MB.

Unloading 5 unused Assets to reduce memory usage. Loaded Objects now: 1576.
Total: 2.201200 ms (FindLiveObjects: 0.236100 ms CreateObjectMapping: 0.034000 ms MarkObjects: 1.847600 ms  DeleteObjects: 0.081400 ms)

========================================================================
Received Import Request.
  Time since last request: 98.623256 seconds.
  path: Assets/Texturas/5f2483ca811eec8782d78be2fd10c267.jpg
  artifactKey: Guid(abeee08efe10f4442bec529fb43133d6) Importer(815301076,1909f56bfc062723c751e8b465ee728b)
Start importing Assets/Texturas/5f2483ca811eec8782d78be2fd10c267.jpg using Guid(abeee08efe10f4442bec529fb43133d6) Importer(815301076,1909f56bfc062723c751e8b465ee728b)  -> (artifact id: 'a97895a3c882b073655d4c3090da57e2') in 0.044396 seconds
  Import took 0.047055 seconds .

========================================================================
Received Import Request.
  Time since last request: 61.105900 seconds.
  path: Assets/Texturas/unnamed.jpg
  artifactKey: Guid(ef0cc97fdf4f98e46ae39c1442479544) Importer(815301076,1909f56bfc062723c751e8b465ee728b)
Start importing Assets/Texturas/unnamed.jpg using Guid(ef0cc97fdf4f98e46ae39c1442479544) Importer(815301076,1909f56bfc062723c751e8b465ee728b)  -> (artifact id: '3d25698bc9bede3498ebb44a1e9efa9f') in 0.013363 seconds
  Import took 0.030009 seconds .

========================================================================
Received Import Request.
  Time since last request: 29.308523 seconds.
  path: Assets/Texturas/e03dfd4035336047ae02b061990b1bfd.jpg
  artifactKey: Guid(8ec9954a466e6024389f342cf2dbb2a9) Importer(815301076,1909f56bfc062723c751e8b465ee728b)
Start importing Assets/Texturas/e03dfd4035336047ae02b061990b1bfd.jpg using Guid(8ec9954a466e6024389f342cf2dbb2a9) Importer(815301076,1909f56bfc062723c751e8b465ee728b)  -> (artifact id: 'c713d985451d68ad2b898f6168aac412') in 0.012370 seconds
  Import took 0.024413 seconds .

========================================================================
Received Import Request.
  Time since last request: 328.799007 seconds.
  path: Assets/Texturas/NewBrush.brush
  artifactKey: Guid(ccb2ab0a422bed9449e14367c2fa36ea) Importer(815301076,1909f56bfc062723c751e8b465ee728b)
Start importing Assets/Texturas/NewBrush.brush using Guid(ccb2ab0a422bed9449e14367c2fa36ea) Importer(815301076,1909f56bfc062723c751e8b465ee728b)  -> (artifact id: 'f2b6daf7c2e4f98c233f484207067bae') in 0.047595 seconds
  Import took 0.050046 seconds .

========================================================================
Received Import Request.
  Time since last request: 0.002044 seconds.
  path: Assets/Texturas/NewBrush.brush
  artifactKey: Guid(ccb2ab0a422bed9449e14367c2fa36ea) Importer(815301076,1909f56bfc062723c751e8b465ee728b)
Start importing Assets/Texturas/NewBrush.brush using Guid(ccb2ab0a422bed9449e14367c2fa36ea) Importer(815301076,1909f56bfc062723c751e8b465ee728b)  -> (artifact id: 'f2b6daf7c2e4f98c233f484207067bae') in 0.015552 seconds
  Import took 0.017818 seconds .

========================================================================
Received Import Request.
  Time since last request: 446.622374 seconds.
  path: Assets/Texturas/5f2483ca811eec8782d78be2fd10c267.jpg
  artifactKey: Guid(abeee08efe10f4442bec529fb43133d6) Importer(815301076,1909f56bfc062723c751e8b465ee728b)
Start importing Assets/Texturas/5f2483ca811eec8782d78be2fd10c267.jpg using Guid(abeee08efe10f4442bec529fb43133d6) Importer(815301076,1909f56bfc062723c751e8b465ee728b)  -> (artifact id: '255e7779611d7daaed5d76c128fd7c78') in 0.014575 seconds
  Import took 0.016966 seconds .

========================================================================
Received Import Request.
  Time since last request: 57.749136 seconds.
  path: Assets/Texturas/5f2483ca811eec8782d78be2fd10c267.jpg
  artifactKey: Guid(abeee08efe10f4442bec529fb43133d6) Importer(815301076,1909f56bfc062723c751e8b465ee728b)
Start importing Assets/Texturas/5f2483ca811eec8782d78be2fd10c267.jpg using Guid(abeee08efe10f4442bec529fb43133d6) Importer(815301076,1909f56bfc062723c751e8b465ee728b)  -> (artifact id: 'da358fa8ad70e24a3616c32e763d67cf') in 0.083009 seconds
  Import took 0.096017 seconds .

========================================================================
Received Import Request.
  Time since last request: 4.828703 seconds.
  path: Assets/Texturas/5f2483ca811eec8782d78be2fd10c267.jpg
  artifactKey: Guid(abeee08efe10f4442bec529fb43133d6) Importer(815301076,1909f56bfc062723c751e8b465ee728b)
Start importing Assets/Texturas/5f2483ca811eec8782d78be2fd10c267.jpg using Guid(abeee08efe10f4442bec529fb43133d6) Importer(815301076,1909f56bfc062723c751e8b465ee728b)  -> (artifact id: '13bc66605bfbf19dc6452599aee6fea5') in 0.014213 seconds
  Import took 0.022909 seconds .

========================================================================
Received Import Request.
  Time since last request: 89.516091 seconds.
  path: Assets/Texturas/5f2483ca811eec8782d78be2fd10c267 1.jpg
  artifactKey: Guid(a5f55dd15a5dc194d8878f0b53bb1dc2) Importer(815301076,1909f56bfc062723c751e8b465ee728b)
Start importing Assets/Texturas/5f2483ca811eec8782d78be2fd10c267 1.jpg using Guid(a5f55dd15a5dc194d8878f0b53bb1dc2) Importer(815301076,1909f56bfc062723c751e8b465ee728b)  -> (artifact id: 'a45d1c2a12bf4f758ecd1eaab3896ed6') in 0.018487 seconds
  Import took 0.020861 seconds .

========================================================================
Received Import Request.
  Time since last request: 9.564630 seconds.
  path: Assets/Texturas/NewLayer.terrainlayer
  artifactKey: Guid(89c6a8321a64ccf4d9fcfdb5b85f3a1a) Importer(815301076,1909f56bfc062723c751e8b465ee728b)
Start importing Assets/Texturas/NewLayer.terrainlayer using Guid(89c6a8321a64ccf4d9fcfdb5b85f3a1a) Importer(815301076,1909f56bfc062723c751e8b465ee728b)  -> (artifact id: 'f2141b5cb046e7bea904e51d97fac1c4') in 0.025399 seconds
  Import took 0.028035 seconds .

========================================================================
Received Import Request.
  Time since last request: 116.909219 seconds.
  path: Assets/Texturas/NewLayer 1.terrainlayer
  artifactKey: Guid(be6b20569184aa442bd38fbdc8cf39f3) Importer(815301076,1909f56bfc062723c751e8b465ee728b)
Start importing Assets/Texturas/NewLayer 1.terrainlayer using Guid(be6b20569184aa442bd38fbdc8cf39f3) Importer(815301076,1909f56bfc062723c751e8b465ee728b)  -> (artifact id: '8e47265e0f6058cbc7f280af7f99b1ca') in 0.012585 seconds
  Import took 0.015371 seconds .

========================================================================
Received Import Request.
  Time since last request: 0.000417 seconds.
  path: Assets/Texturas/NewLayer 2.terrainlayer
  artifactKey: Guid(0bd18095d882ce9428ac2e75933dac90) Importer(815301076,1909f56bfc062723c751e8b465ee728b)
Start importing Assets/Texturas/NewLayer 2.terrainlayer using Guid(0bd18095d882ce9428ac2e75933dac90) Importer(815301076,1909f56bfc062723c751e8b465ee728b)  -> (artifact id: '3bfaa2e0c174599ae35c159c78275bca') in 0.012085 seconds
  Import took 0.014990 seconds .

========================================================================
Received Import Request.
  Time since last request: 0.000292 seconds.
  path: Assets/Texturas/NewLayer.terrainlayer
  artifactKey: Guid(89c6a8321a64ccf4d9fcfdb5b85f3a1a) Importer(815301076,1909f56bfc062723c751e8b465ee728b)
Start importing Assets/Texturas/NewLayer.terrainlayer using Guid(89c6a8321a64ccf4d9fcfdb5b85f3a1a) Importer(815301076,1909f56bfc062723c751e8b465ee728b)  -> (artifact id: '6518a394a3719afa2e1312dc3d00987c') in 0.017903 seconds
  Import took 0.020228 seconds .

========================================================================
Received Import Request.
  Time since last request: 31.571434 seconds.
  path: Assets/BrokenVector/FreeLowPolyPack/Prefabs/Fence Type2 03.prefab
  artifactKey: Guid(ab5e0beb1c36778479983f28b65d97dd) Importer(815301076,1909f56bfc062723c751e8b465ee728b)
Start importing Assets/BrokenVector/FreeLowPolyPack/Prefabs/Fence Type2 03.prefab using Guid(ab5e0beb1c36778479983f28b65d97dd) Importer(815301076,1909f56bfc062723c751e8b465ee728b)  -> (artifact id: '14526ea48e820ebf98a4103dd9cb1f86') in 0.249571 seconds
  Import took 0.251879 seconds .

========================================================================
Received Import Request.
  Time since last request: 0.000251 seconds.
  path: Assets/BrokenVector/FreeLowPolyPack/Prefabs/Rock Type2 04.prefab
  artifactKey: Guid(5578b82f17c954843901e8b68ca21dcc) Importer(815301076,1909f56bfc062723c751e8b465ee728b)
Start importing Assets/BrokenVector/FreeLowPolyPack/Prefabs/Rock Type2 04.prefab using Guid(5578b82f17c954843901e8b68ca21dcc) Importer(815301076,1909f56bfc062723c751e8b465ee728b)  -> (artifact id: 'bff95b76d8741e2a48a12e8e1b456ba2') in 0.153177 seconds
  Import took 0.155253 seconds .

========================================================================
Received Import Request.
  Time since last request: 0.000248 seconds.
  path: Assets/BrokenVector/FreeLowPolyPack/Prefabs/Tree Type3 04.prefab
  artifactKey: Guid(7c5aafe3fe2c6ef4a9150f7f44653760) Importer(815301076,1909f56bfc062723c751e8b465ee728b)
Start importing Assets/BrokenVector/FreeLowPolyPack/Prefabs/Tree Type3 04.prefab using Guid(7c5aafe3fe2c6ef4a9150f7f44653760) Importer(815301076,1909f56bfc062723c751e8b465ee728b)  -> (artifact id: 'db02a7769fc380cdef86363db0e8e019') in 0.015264 seconds
  Import took 0.017421 seconds .

========================================================================
Received Import Request.
  Time since last request: 0.000294 seconds.
  path: Assets/BrokenVector/FreeLowPolyPack/Prefabs/Tree Type1 04.prefab
  artifactKey: Guid(8ed1fa325ca228645ad26dd6eff14768) Importer(815301076,1909f56bfc062723c751e8b465ee728b)
Start importing Assets/BrokenVector/FreeLowPolyPack/Prefabs/Tree Type1 04.prefab using Guid(8ed1fa325ca228645ad26dd6eff14768) Importer(815301076,1909f56bfc062723c751e8b465ee728b)  -> (artifact id: '85dd1498ab507f6861fd503e030c063e') in 0.028052 seconds
  Import took 0.030757 seconds .

AssetImportWorkerClient::OnTransportError - code=2 error=End of file
